<?xml version="1.0" encoding="UTF-8"?>
<testsuite name="Desktop Test"
           tests="2"
           failures="0"
           errors="0"
           skipped="0"
           time="17.529">
  <properties />
  
  
            <testcase name="verifyProductAddedToShoppingCartSuccessFully" time="15.894" classname="com.tutorial.demo.testsuite.DesktopTest" />
                <testcase name="verifyProductArrangeInAlphabeticalOrder" time="1.635" classname="com.tutorial.demo.testsuite.DesktopTest" />
      
</testsuite>
